14:06:24 **** Incremental Build of configuration Debug for project TaskCreat_F407 ****
make -j16 all 
arm-none-eabi-size  TaskCreat_F407.elf 
   text	   data	    bss	    dec	    hex	filename
  20776	    108	  20900	  41784	   a338	TaskCreat_F407.elf
Finished building: default.size.stdout
 
14:06:30 **** Incremental Build of configuration Debug for project TaskCreat_F407 ****
make -j16 all 
arm-none-eabi-size  TaskCreat_F407.elf 
   text	   data	    bss	    dec	    hex	filename
  20776	    108	  20900	  41784	   a338	TaskCreat_F407.elf
Finished building: default.size.stdout
 
14:07:10 **** Incremental Build of configuration Debug for project TaskCreat_F407 ****
make -j16 all 
arm-none-eabi-size  TaskCreat_F407.elf 
   text	   data	    bss	    dec	    hex	filename
  20776	    108	  20900	  41784	   a338	TaskCreat_F407.elf
Finished building: default.size.stdout
 
14:07:41 **** Incremental Build of configuration Debug for project TaskCreat_F407 ****
make -j16 all 
arm-none-eabi-size  TaskCreat_F407.elf 
   text	   data	    bss	    dec	    hex	filename
  20776	    108	  20900	  41784	   a338	TaskCreat_F407.elf
Finished building: default.size.stdout
 
14:10:20 **** Incremental Build of configuration Debug for project TaskCreat_F407 ****
make -j16 all 
arm-none-eabi-size  TaskCreat_F407.elf 
   text	   data	    bss	    dec	    hex	filename
  20776	    108	  20900	  41784	   a338	TaskCreat_F407.elf
Finished building: default.size.stdout
 
14:15:35 **** Incremental Build of configuration Debug for project TaskCreat_F407 ****
make -j16 all 
arm-none-eabi-size  TaskCreat_F407.elf 
   text	   data	    bss	    dec	    hex	filename
  20776	    108	  20900	  41784	   a338	TaskCreat_F407.elf
Finished building: default.size.stdout
 
14:35:32 **** Incremental Build of configuration Debug for project TaskCreat_F407 ****
make -j16 all 
arm-none-eabi-size  TaskCreat_F407.elf 
   text	   data	    bss	    dec	    hex	filename
  20776	    108	  20900	  41784	   a338	TaskCreat_F407.elf
Finished building: default.size.stdout
 
14:41:16 **** Incremental Build of configuration Debug for project TaskCreat_F407 ****
make -j16 all 
arm-none-eabi-size  TaskCreat_F407.elf 
   text	   data	    bss	    dec	    hex	filename
  20776	    108	  20900	  41784	   a338	TaskCreat_F407.elf
Finished building: default.size.stdout
 
14:41:46 **** Incremental Build of configuration Debug for project TaskCreat_F407 ****
make -j16 all 
arm-none-eabi-size  TaskCreat_F407.elf 
   text	   data	    bss	    dec	    hex	filename
  20776	    108	  20900	  41784	   a338	TaskCreat_F407.elf
Finished building: default.size.stdout
 
14:59:11 **** Incremental Build of configuration Debug for project TaskCreat_F407 ****
make -j16 all 
arm-none-eabi-size  TaskCreat_F407.elf 
   text	   data	    bss	    dec	    hex	filename
  20776	    108	  20900	  41784	   a338	TaskCreat_F407.elf
Finished building: default.size.stdout
 
16:15:27 **** Incremental Build of configuration Debug for project TaskCreat_F407 ****
make -j16 all 
arm-none-eabi-size  TaskCreat_F407.elf 
   text	   data	    bss	    dec	    hex	filename
  20776	    108	  20900	  41784	   a338	TaskCreat_F407.elf
Finished building: default.size.stdout
 
